2020-06-29 00:56:34.134  INFO 21980 --- [main] lavalink.server.Launcher                 : 

[32m       .  [31m _                  _ _       _    [32m__ _ _
[32m      /\\ [31m| | __ ___   ____ _| (_)_ __ | | __[32m\ \ \ \
[32m     ( ( )[31m| |/ _` \ \ / / _` | | | '_ \| |/ /[32m \ \ \ \
[32m      \\/ [31m| | (_| |\ V / (_| | | | | | |   < [32m  ) ) ) )
[32m       '  [31m|_|\__,_| \_/ \__,_|_|_|_| |_|_|\_\[32m / / / /
[0m    =========================================[32m/_/_/_/[0m

	Version:        1033d3481c70d1552bd66cd0ed5a70b8b4909b62-SNAPSHOT
	Build:          808
	Build time:     19.06.2019 14:00:24 CEST
	Branch          master
	Commit:         1033d34
	Commit time:    19.06.2019 13:58:15 CEST
	JVM:            1.8.0_231
	Lavaplayer      1.3.17

2020-06-29 00:56:34.191  INFO 21980 --- [main] o.s.boot.SpringApplication               :        .   _                  _ _       _    __ _ _
      /\\ | | __ ___   ____ _| (_)_ __ | | __\ \ \ \
     ( ( )| |/ _` \ \ / / _` | | | '_ \| |/ / \ \ \ \
      \\/ | | (_| |\ V / (_| | | | | | |   <   ) ) ) )
       '  |_|\__,_| \_/ \__,_|_|_|_| |_|_|\_\ / / / /
    =========================================/_/_/_/

    :: Lavalink    ::       
    :: Spring Boot ::        (v2.0.4.RELEASE)


2020-06-29 00:56:34.294  INFO 21980 --- [main] lavalink.server.Launcher                 : Starting Launcher on Noahs-Computer with PID 21980 (C:\Users\Noah\Documents\Git\Venom-Discord.NET-bot\VenomBot\Lavalink\Lavalink.jar started by Noah in C:\Users\Noah\Documents\Git\Venom-Discord.NET-bot\VenomBot\Lavalink)
2020-06-29 00:56:34.294  INFO 21980 --- [main] lavalink.server.Launcher                 : No active profile set, falling back to default profiles: default
2020-06-29 00:56:34.340  INFO 21980 --- [main] ConfigServletWebServerApplicationContext : Refreshing org.springframework.boot.web.servlet.context.AnnotationConfigServletWebServerApplicationContext@3d24753a: startup date [Mon Jun 29 00:56:34 EDT 2020]; root of context hierarchy
2020-06-29 00:56:34.411  WARN 21980 --- [background-preinit] o.s.h.c.j.Jackson2ObjectMapperBuilder    : For Jackson Kotlin classes support please add "com.fasterxml.jackson.module:jackson-module-kotlin" to the classpath
2020-06-29 00:56:35.621  INFO 21980 --- [main] org.xnio                                 : XNIO version 3.3.8.Final
2020-06-29 00:56:35.635  INFO 21980 --- [main] org.xnio.nio                             : XNIO NIO Implementation Version 3.3.8.Final
2020-06-29 00:56:35.699  WARN 21980 --- [main] io.undertow.websockets.jsr               : UT026009: XNIO worker was not set on WebSocketDeploymentInfo, the default worker will be used
2020-06-29 00:56:35.700  WARN 21980 --- [main] io.undertow.websockets.jsr               : UT026010: Buffer pool was not set on WebSocketDeploymentInfo, the default pool will be used
2020-06-29 00:56:35.720  INFO 21980 --- [main] io.undertow.servlet                      : Initializing Spring embedded WebApplicationContext
2020-06-29 00:56:35.721  INFO 21980 --- [main] o.s.web.context.ContextLoader            : Root WebApplicationContext: initialization completed in 1382 ms
2020-06-29 00:56:35.772  INFO 21980 --- [main] o.s.b.w.servlet.ServletRegistrationBean  : Servlet dispatcherServlet mapped to [/]
2020-06-29 00:56:35.777  INFO 21980 --- [main] o.s.b.w.servlet.FilterRegistrationBean   : Mapping filter: 'characterEncodingFilter' to: [/*]
2020-06-29 00:56:35.777  INFO 21980 --- [main] o.s.b.w.servlet.FilterRegistrationBean   : Mapping filter: 'hiddenHttpMethodFilter' to: [/*]
2020-06-29 00:56:35.778  INFO 21980 --- [main] o.s.b.w.servlet.FilterRegistrationBean   : Mapping filter: 'httpPutFormContentFilter' to: [/*]
2020-06-29 00:56:35.778  INFO 21980 --- [main] o.s.b.w.servlet.FilterRegistrationBean   : Mapping filter: 'requestContextFilter' to: [/*]
2020-06-29 00:56:35.779  INFO 21980 --- [main] o.s.b.w.servlet.FilterRegistrationBean   : Mapping filter: 'responseHeaderFilter' to: [/*]
2020-06-29 00:56:35.822  WARN 21980 --- [main] l.server.config.SentryConfiguration      : Turning off sentry
2020-06-29 00:56:35.828  INFO 21980 --- [main] l.s.c.AudioSendFactoryConfiguration      : OS: Windows 10, Arch: amd64
2020-06-29 00:56:35.829  INFO 21980 --- [main] l.s.c.AudioSendFactoryConfiguration      : JDA-NAS supported system detected. Enabled native audio sending.
2020-06-29 00:56:35.831  INFO 21980 --- [main] l.s.c.AudioSendFactoryConfiguration      : Setting buffer to 400ms
2020-06-29 00:56:35.831  INFO 21980 --- [main] l.s.c.AudioSendFactoryConfiguration      : Setting playlist load limit to 6
2020-06-29 00:56:36.631  INFO 21980 --- [main] c.s.d.l.tools.GarbageCollectionMonitor   : GC monitoring enabled, reporting results every 2 minutes.
2020-06-29 00:56:36.689  INFO 21980 --- [main] o.s.w.s.s.s.WebSocketHandlerMapping      : Root mapping to handler of type [class org.springframework.web.socket.server.support.WebSocketHttpRequestHandler]
2020-06-29 00:56:36.827  INFO 21980 --- [main] o.s.w.s.handler.SimpleUrlHandlerMapping  : Mapped URL path [/**/favicon.ico] onto handler of type [class org.springframework.web.servlet.resource.ResourceHttpRequestHandler]
2020-06-29 00:56:37.000  INFO 21980 --- [main] s.w.s.m.m.a.RequestMappingHandlerAdapter : Looking for @ControllerAdvice: org.springframework.boot.web.servlet.context.AnnotationConfigServletWebServerApplicationContext@3d24753a: startup date [Mon Jun 29 00:56:34 EDT 2020]; root of context hierarchy
2020-06-29 00:56:37.078  INFO 21980 --- [main] s.w.s.m.m.a.RequestMappingHandlerMapping : Mapped "{[/decodetracks],methods=[POST],consumes=[application/json],produces=[application/json]}" onto public org.springframework.http.ResponseEntity<java.lang.String> lavalink.server.player.AudioLoaderRestHandler.postDecodeTracks(javax.servlet.http.HttpServletRequest,java.lang.String) throws java.io.IOException
2020-06-29 00:56:37.079  INFO 21980 --- [main] s.w.s.m.m.a.RequestMappingHandlerMapping : Mapped "{[/loadtracks],methods=[GET],produces=[application/json]}" onto public java.util.concurrent.CompletionStage<org.springframework.http.ResponseEntity<java.lang.String>> lavalink.server.player.AudioLoaderRestHandler.getLoadTracks(javax.servlet.http.HttpServletRequest,java.lang.String)
2020-06-29 00:56:37.082  INFO 21980 --- [main] s.w.s.m.m.a.RequestMappingHandlerMapping : Mapped "{[/decodetrack],methods=[GET],produces=[application/json]}" onto public org.springframework.http.ResponseEntity<java.lang.String> lavalink.server.player.AudioLoaderRestHandler.getDecodeTrack(javax.servlet.http.HttpServletRequest,java.lang.String) throws java.io.IOException
2020-06-29 00:56:37.083  INFO 21980 --- [main] s.w.s.m.m.a.RequestMappingHandlerMapping : Mapped "{[/version],methods=[GET]}" onto public java.lang.String lavalink.server.info.InfoRestHandler.version()
2020-06-29 00:56:37.086  INFO 21980 --- [main] s.w.s.m.m.a.RequestMappingHandlerMapping : Mapped "{[/error]}" onto public org.springframework.http.ResponseEntity<java.util.Map<java.lang.String, java.lang.Object>> org.springframework.boot.autoconfigure.web.servlet.error.BasicErrorController.error(javax.servlet.http.HttpServletRequest)
2020-06-29 00:56:37.086  INFO 21980 --- [main] s.w.s.m.m.a.RequestMappingHandlerMapping : Mapped "{[/error],produces=[text/html]}" onto public org.springframework.web.servlet.ModelAndView org.springframework.boot.autoconfigure.web.servlet.error.BasicErrorController.errorHtml(javax.servlet.http.HttpServletRequest,javax.servlet.http.HttpServletResponse)
2020-06-29 00:56:37.115  INFO 21980 --- [main] o.s.w.s.handler.SimpleUrlHandlerMapping  : Mapped URL path [/webjars/**] onto handler of type [class org.springframework.web.servlet.resource.ResourceHttpRequestHandler]
2020-06-29 00:56:37.115  INFO 21980 --- [main] o.s.w.s.handler.SimpleUrlHandlerMapping  : Mapped URL path [/**] onto handler of type [class org.springframework.web.servlet.resource.ResourceHttpRequestHandler]
2020-06-29 00:56:37.365  INFO 21980 --- [main] o.s.j.e.a.AnnotationMBeanExporter        : Registering beans for JMX exposure on startup
2020-06-29 00:56:37.376  INFO 21980 --- [main] o.s.c.support.DefaultLifecycleProcessor  : Starting beans in phase 2147483647
2020-06-29 00:56:37.428  INFO 21980 --- [main] o.s.b.w.e.u.UndertowServletWebServer     : Undertow started on port(s) 2333 (http) with context path ''
2020-06-29 00:56:37.432  INFO 21980 --- [main] lavalink.server.Launcher                 : Started Launcher in 3.627 seconds (JVM running for 4.103)
2020-06-29 00:58:33.250  INFO 21980 --- [XNIO-2 task-1] io.undertow.servlet                      : Initializing Spring FrameworkServlet 'dispatcherServlet'
2020-06-29 00:58:33.251  INFO 21980 --- [XNIO-2 task-1] o.s.web.servlet.DispatcherServlet        : FrameworkServlet 'dispatcherServlet': initialization started
2020-06-29 00:58:33.270  INFO 21980 --- [XNIO-2 task-1] o.s.web.servlet.DispatcherServlet        : FrameworkServlet 'dispatcherServlet': initialization completed in 18 ms
2020-06-29 00:58:33.304  INFO 21980 --- [XNIO-2 task-1] l.server.io.HandshakeInterceptorImpl     : Incoming connection from /0:0:0:0:0:0:0:1:51951
2020-06-29 00:58:33.365  INFO 21980 --- [XNIO-2 task-1] c.s.d.l.tools.GarbageCollectionMonitor   : GC monitoring enabled, reporting results every 2 minutes.
2020-06-29 00:58:33.443  INFO 21980 --- [XNIO-2 task-1] lavalink.server.io.SocketServer          : Connection successfully established from /0:0:0:0:0:0:0:1:51951
2020-06-29 00:58:33.462  INFO 21980 --- [XNIO-2 I/O-3] lavalink.server.io.SocketServer          : {"op":"configureResuming","key":"a1d0528fdbcf4f71ae8202215bd645bc","timeout":60}
2020-06-29 00:59:15.327  INFO 21980 --- [XNIO-2 task-2] l.server.player.AudioLoaderRestHandler   : GET /loadtracks
2020-06-29 00:59:15.377  INFO 21980 --- [XNIO-2 I/O-3] lavalink.server.io.SocketServer          : {"op":"voiceUpdate","guildId":"721487141690933288","sessionId":"1df3e50c7c99964e3d261cf4a0516233","event":{"token":"84adac8b9b1bac46","guild_id":721487141690933288,"endpoint":"us-east373.discord.media:80"}}
2020-06-29 00:59:16.513 ERROR 21980 --- [lava-daemon-pool-info-loader-2-thread-1] c.s.d.l.p.DefaultAudioPlayerManager      : Error in loading item https://www.youtube.com/watch?v=V9AbeALNVkk

com.sedmelluq.discord.lavaplayer.tools.FriendlyException: Loading information for a YouTube track failed.
	at com.sedmelluq.discord.lavaplayer.tools.ExceptionTools.wrapUnfriendlyExceptions(ExceptionTools.java:43) ~[lavaplayer-1.3.17.jar!/:na]
	at com.sedmelluq.discord.lavaplayer.source.youtube.YoutubeAudioSourceManager.loadTrackWithVideoId(YoutubeAudioSourceManager.java:217) ~[lavaplayer-1.3.17.jar!/:na]
	at com.sedmelluq.discord.lavaplayer.source.youtube.YoutubeAudioSourceManager.loadFromUrlWithVideoId(YoutubeAudioSourceManager.java:307) ~[lavaplayer-1.3.17.jar!/:na]
	at com.sedmelluq.discord.lavaplayer.source.youtube.YoutubeAudioSourceManager.loadFromMainDomain(YoutubeAudioSourceManager.java:244) ~[lavaplayer-1.3.17.jar!/:na]
	at com.sedmelluq.discord.lavaplayer.source.youtube.YoutubeAudioSourceManager.loadNonSearch(YoutubeAudioSourceManager.java:314) ~[lavaplayer-1.3.17.jar!/:na]
	at com.sedmelluq.discord.lavaplayer.source.youtube.YoutubeAudioSourceManager.loadItemOnce(YoutubeAudioSourceManager.java:189) ~[lavaplayer-1.3.17.jar!/:na]
	at com.sedmelluq.discord.lavaplayer.source.youtube.YoutubeAudioSourceManager.loadItem(YoutubeAudioSourceManager.java:128) ~[lavaplayer-1.3.17.jar!/:na]
	at com.sedmelluq.discord.lavaplayer.player.DefaultAudioPlayerManager.checkSourcesForItemOnce(DefaultAudioPlayerManager.java:437) ~[lavaplayer-1.3.17.jar!/:na]
	at com.sedmelluq.discord.lavaplayer.player.DefaultAudioPlayerManager.checkSourcesForItem(DefaultAudioPlayerManager.java:419) ~[lavaplayer-1.3.17.jar!/:na]
	at com.sedmelluq.discord.lavaplayer.player.DefaultAudioPlayerManager.lambda$createItemLoader$0(DefaultAudioPlayerManager.java:218) ~[lavaplayer-1.3.17.jar!/:na]
	at java.util.concurrent.FutureTask.run(Unknown Source) ~[na:1.8.0_231]
	at java.util.concurrent.ThreadPoolExecutor.runWorker(Unknown Source) ~[na:1.8.0_231]
	at java.util.concurrent.ThreadPoolExecutor$Worker.run(Unknown Source) ~[na:1.8.0_231]
	at java.lang.Thread.run(Unknown Source) ~[na:1.8.0_231]
Caused by: java.lang.NullPointerException: null
	at com.sedmelluq.discord.lavaplayer.source.youtube.YoutubeAudioSourceManager.loadTrackWithVideoId(YoutubeAudioSourceManager.java:213) ~[lavaplayer-1.3.17.jar!/:na]
	... 12 common frames omitted

2020-06-29 00:59:16.516 ERROR 21980 --- [lava-daemon-pool-info-loader-2-thread-1] lavalink.server.player.AudioLoader       : Load failed

com.sedmelluq.discord.lavaplayer.tools.FriendlyException: Loading information for a YouTube track failed.
	at com.sedmelluq.discord.lavaplayer.tools.ExceptionTools.wrapUnfriendlyExceptions(ExceptionTools.java:43) ~[lavaplayer-1.3.17.jar!/:na]
	at com.sedmelluq.discord.lavaplayer.source.youtube.YoutubeAudioSourceManager.loadTrackWithVideoId(YoutubeAudioSourceManager.java:217) ~[lavaplayer-1.3.17.jar!/:na]
	at com.sedmelluq.discord.lavaplayer.source.youtube.YoutubeAudioSourceManager.loadFromUrlWithVideoId(YoutubeAudioSourceManager.java:307) ~[lavaplayer-1.3.17.jar!/:na]
	at com.sedmelluq.discord.lavaplayer.source.youtube.YoutubeAudioSourceManager.loadFromMainDomain(YoutubeAudioSourceManager.java:244) ~[lavaplayer-1.3.17.jar!/:na]
	at com.sedmelluq.discord.lavaplayer.source.youtube.YoutubeAudioSourceManager.loadNonSearch(YoutubeAudioSourceManager.java:314) ~[lavaplayer-1.3.17.jar!/:na]
	at com.sedmelluq.discord.lavaplayer.source.youtube.YoutubeAudioSourceManager.loadItemOnce(YoutubeAudioSourceManager.java:189) ~[lavaplayer-1.3.17.jar!/:na]
	at com.sedmelluq.discord.lavaplayer.source.youtube.YoutubeAudioSourceManager.loadItem(YoutubeAudioSourceManager.java:128) ~[lavaplayer-1.3.17.jar!/:na]
	at com.sedmelluq.discord.lavaplayer.player.DefaultAudioPlayerManager.checkSourcesForItemOnce(DefaultAudioPlayerManager.java:437) ~[lavaplayer-1.3.17.jar!/:na]
	at com.sedmelluq.discord.lavaplayer.player.DefaultAudioPlayerManager.checkSourcesForItem(DefaultAudioPlayerManager.java:419) ~[lavaplayer-1.3.17.jar!/:na]
	at com.sedmelluq.discord.lavaplayer.player.DefaultAudioPlayerManager.lambda$createItemLoader$0(DefaultAudioPlayerManager.java:218) ~[lavaplayer-1.3.17.jar!/:na]
	at java.util.concurrent.FutureTask.run(Unknown Source) ~[na:1.8.0_231]
	at java.util.concurrent.ThreadPoolExecutor.runWorker(Unknown Source) ~[na:1.8.0_231]
	at java.util.concurrent.ThreadPoolExecutor$Worker.run(Unknown Source) ~[na:1.8.0_231]
	at java.lang.Thread.run(Unknown Source) ~[na:1.8.0_231]
Caused by: java.lang.NullPointerException: null
	at com.sedmelluq.discord.lavaplayer.source.youtube.YoutubeAudioSourceManager.loadTrackWithVideoId(YoutubeAudioSourceManager.java:213) ~[lavaplayer-1.3.17.jar!/:na]
	... 12 common frames omitted

2020-06-29 00:59:46.435  INFO 21980 --- [XNIO-2 task-4] l.server.player.AudioLoaderRestHandler   : GET /loadtracks
2020-06-29 00:59:46.985  WARN 21980 --- [lava-daemon-pool-info-loader-2-thread-1] c.s.d.l.p.DefaultAudioPlayerManager      : Suspicious exception for loading item https://soundcloud.com/venomc312/say-something-emotional-piano

com.sedmelluq.discord.lavaplayer.tools.FriendlyException: This url does not appear to be a playable track.
	at com.sedmelluq.discord.lavaplayer.source.soundcloud.SoundCloudAudioSourceManager.loadPageConfigJson(SoundCloudAudioSourceManager.java:327) ~[lavaplayer-1.3.17.jar!/:na]
	at com.sedmelluq.discord.lavaplayer.source.soundcloud.SoundCloudAudioSourceManager.loadFromTrackPage(SoundCloudAudioSourceManager.java:291) ~[lavaplayer-1.3.17.jar!/:na]
	at com.sedmelluq.discord.lavaplayer.source.soundcloud.SoundCloudAudioSourceManager.processAsSingleTrack(SoundCloudAudioSourceManager.java:266) ~[lavaplayer-1.3.17.jar!/:na]
	at com.sedmelluq.discord.lavaplayer.source.soundcloud.SoundCloudAudioSourceManager.loadItem(SoundCloudAudioSourceManager.java:119) ~[lavaplayer-1.3.17.jar!/:na]
	at com.sedmelluq.discord.lavaplayer.player.DefaultAudioPlayerManager.checkSourcesForItemOnce(DefaultAudioPlayerManager.java:437) ~[lavaplayer-1.3.17.jar!/:na]
	at com.sedmelluq.discord.lavaplayer.player.DefaultAudioPlayerManager.checkSourcesForItem(DefaultAudioPlayerManager.java:419) ~[lavaplayer-1.3.17.jar!/:na]
	at com.sedmelluq.discord.lavaplayer.player.DefaultAudioPlayerManager.lambda$createItemLoader$0(DefaultAudioPlayerManager.java:218) ~[lavaplayer-1.3.17.jar!/:na]
	at java.util.concurrent.FutureTask.run(Unknown Source) ~[na:1.8.0_231]
	at java.util.concurrent.ThreadPoolExecutor.runWorker(Unknown Source) ~[na:1.8.0_231]
	at java.util.concurrent.ThreadPoolExecutor$Worker.run(Unknown Source) ~[na:1.8.0_231]
	at java.lang.Thread.run(Unknown Source) ~[na:1.8.0_231]

2020-06-29 00:59:46.987 ERROR 21980 --- [lava-daemon-pool-info-loader-2-thread-1] lavalink.server.player.AudioLoader       : Load failed

com.sedmelluq.discord.lavaplayer.tools.FriendlyException: This url does not appear to be a playable track.
	at com.sedmelluq.discord.lavaplayer.source.soundcloud.SoundCloudAudioSourceManager.loadPageConfigJson(SoundCloudAudioSourceManager.java:327) ~[lavaplayer-1.3.17.jar!/:na]
	at com.sedmelluq.discord.lavaplayer.source.soundcloud.SoundCloudAudioSourceManager.loadFromTrackPage(SoundCloudAudioSourceManager.java:291) ~[lavaplayer-1.3.17.jar!/:na]
	at com.sedmelluq.discord.lavaplayer.source.soundcloud.SoundCloudAudioSourceManager.processAsSingleTrack(SoundCloudAudioSourceManager.java:266) ~[lavaplayer-1.3.17.jar!/:na]
	at com.sedmelluq.discord.lavaplayer.source.soundcloud.SoundCloudAudioSourceManager.loadItem(SoundCloudAudioSourceManager.java:119) ~[lavaplayer-1.3.17.jar!/:na]
	at com.sedmelluq.discord.lavaplayer.player.DefaultAudioPlayerManager.checkSourcesForItemOnce(DefaultAudioPlayerManager.java:437) ~[lavaplayer-1.3.17.jar!/:na]
	at com.sedmelluq.discord.lavaplayer.player.DefaultAudioPlayerManager.checkSourcesForItem(DefaultAudioPlayerManager.java:419) ~[lavaplayer-1.3.17.jar!/:na]
	at com.sedmelluq.discord.lavaplayer.player.DefaultAudioPlayerManager.lambda$createItemLoader$0(DefaultAudioPlayerManager.java:218) ~[lavaplayer-1.3.17.jar!/:na]
	at java.util.concurrent.FutureTask.run(Unknown Source) ~[na:1.8.0_231]
	at java.util.concurrent.ThreadPoolExecutor.runWorker(Unknown Source) ~[na:1.8.0_231]
	at java.util.concurrent.ThreadPoolExecutor$Worker.run(Unknown Source) ~[na:1.8.0_231]
	at java.lang.Thread.run(Unknown Source) ~[na:1.8.0_231]

2020-06-29 01:00:02.365  INFO 21980 --- [XNIO-2 I/O-3] lavalink.server.io.SocketServer          : {"op":"stop","guildId":"721487141690933288"}
2020-06-29 01:00:02.412  INFO 21980 --- [parallel-4] s.n.magma.connections.AudioWebSocket     : Websocket to wss://us-east373.discord.media/?v=4 closed with code 4014 and reason Disconnected.
2020-06-29 01:00:02.414  INFO 21980 --- [parallel-4] s.n.magma.connections.AudioWebSocket     : Resuming
2020-06-29 01:00:02.423  INFO 21980 --- [XNIO-2 I/O-3] lavalink.server.io.SocketServer          : {"op":"destroy","guildId":"721487141690933288"}
2020-06-29 01:03:32.125  INFO 21980 --- [XNIO-2 I/O-3] lavalink.server.io.SocketServer          : Connection closed from /0:0:0:0:0:0:0:1:51951 with status CloseStatus[code=1006, reason=] -- Session can be resumed within the next 60 seconds with key a1d0528fdbcf4f71ae8202215bd645bc
2020-06-29 01:04:32.126  INFO 21980 --- [pool-2-thread-1] lavalink.server.io.SocketContext         : Shutting down 0 playing players.
2020-06-29 01:04:32.127  INFO 21980 --- [pool-2-thread-1] c.s.d.l.tools.GarbageCollectionMonitor   : GC monitoring disabled.
2020-06-29 01:05:21.869  INFO 21980 --- [XNIO-2 task-6] l.server.io.HandshakeInterceptorImpl     : Incoming connection from /0:0:0:0:0:0:0:1:52065
2020-06-29 01:05:21.872  INFO 21980 --- [XNIO-2 task-6] c.s.d.l.tools.GarbageCollectionMonitor   : GC monitoring enabled, reporting results every 2 minutes.
2020-06-29 01:05:21.879  INFO 21980 --- [XNIO-2 task-6] lavalink.server.io.SocketServer          : Connection successfully established from /0:0:0:0:0:0:0:1:52065
2020-06-29 01:05:21.884  INFO 21980 --- [XNIO-2 I/O-9] lavalink.server.io.SocketServer          : {"op":"configureResuming","key":"93d6d7bbdae841ae8ed142423b111152","timeout":60}
2020-06-29 01:05:37.550  INFO 21980 --- [XNIO-2 task-7] l.server.player.AudioLoaderRestHandler   : GET /loadtracks
2020-06-29 01:05:37.628  INFO 21980 --- [XNIO-2 I/O-9] lavalink.server.io.SocketServer          : {"op":"voiceUpdate","guildId":"721487141690933288","sessionId":"f49c163f2143723affd918eabfb2904a","event":{"token":"3d578da9a2387daf","guild_id":721487141690933288,"endpoint":"us-east282.discord.media:80"}}
2020-06-29 01:05:37.876  WARN 21980 --- [lava-daemon-pool-info-loader-2-thread-1] c.s.d.l.p.DefaultAudioPlayerManager      : Suspicious exception for loading item https://soundcloud.com/venomc312/say-something-emotional-piano

com.sedmelluq.discord.lavaplayer.tools.FriendlyException: This url does not appear to be a playable track.
	at com.sedmelluq.discord.lavaplayer.source.soundcloud.SoundCloudAudioSourceManager.loadPageConfigJson(SoundCloudAudioSourceManager.java:327) ~[lavaplayer-1.3.17.jar!/:na]
	at com.sedmelluq.discord.lavaplayer.source.soundcloud.SoundCloudAudioSourceManager.loadFromTrackPage(SoundCloudAudioSourceManager.java:291) ~[lavaplayer-1.3.17.jar!/:na]
	at com.sedmelluq.discord.lavaplayer.source.soundcloud.SoundCloudAudioSourceManager.processAsSingleTrack(SoundCloudAudioSourceManager.java:266) ~[lavaplayer-1.3.17.jar!/:na]
	at com.sedmelluq.discord.lavaplayer.source.soundcloud.SoundCloudAudioSourceManager.loadItem(SoundCloudAudioSourceManager.java:119) ~[lavaplayer-1.3.17.jar!/:na]
	at com.sedmelluq.discord.lavaplayer.player.DefaultAudioPlayerManager.checkSourcesForItemOnce(DefaultAudioPlayerManager.java:437) ~[lavaplayer-1.3.17.jar!/:na]
	at com.sedmelluq.discord.lavaplayer.player.DefaultAudioPlayerManager.checkSourcesForItem(DefaultAudioPlayerManager.java:419) ~[lavaplayer-1.3.17.jar!/:na]
	at com.sedmelluq.discord.lavaplayer.player.DefaultAudioPlayerManager.lambda$createItemLoader$0(DefaultAudioPlayerManager.java:218) ~[lavaplayer-1.3.17.jar!/:na]
	at java.util.concurrent.FutureTask.run(Unknown Source) ~[na:1.8.0_231]
	at java.util.concurrent.ThreadPoolExecutor.runWorker(Unknown Source) ~[na:1.8.0_231]
	at java.util.concurrent.ThreadPoolExecutor$Worker.run(Unknown Source) ~[na:1.8.0_231]
	at java.lang.Thread.run(Unknown Source) ~[na:1.8.0_231]

2020-06-29 01:05:37.877 ERROR 21980 --- [lava-daemon-pool-info-loader-2-thread-1] lavalink.server.player.AudioLoader       : Load failed

com.sedmelluq.discord.lavaplayer.tools.FriendlyException: This url does not appear to be a playable track.
	at com.sedmelluq.discord.lavaplayer.source.soundcloud.SoundCloudAudioSourceManager.loadPageConfigJson(SoundCloudAudioSourceManager.java:327) ~[lavaplayer-1.3.17.jar!/:na]
	at com.sedmelluq.discord.lavaplayer.source.soundcloud.SoundCloudAudioSourceManager.loadFromTrackPage(SoundCloudAudioSourceManager.java:291) ~[lavaplayer-1.3.17.jar!/:na]
	at com.sedmelluq.discord.lavaplayer.source.soundcloud.SoundCloudAudioSourceManager.processAsSingleTrack(SoundCloudAudioSourceManager.java:266) ~[lavaplayer-1.3.17.jar!/:na]
	at com.sedmelluq.discord.lavaplayer.source.soundcloud.SoundCloudAudioSourceManager.loadItem(SoundCloudAudioSourceManager.java:119) ~[lavaplayer-1.3.17.jar!/:na]
	at com.sedmelluq.discord.lavaplayer.player.DefaultAudioPlayerManager.checkSourcesForItemOnce(DefaultAudioPlayerManager.java:437) ~[lavaplayer-1.3.17.jar!/:na]
	at com.sedmelluq.discord.lavaplayer.player.DefaultAudioPlayerManager.checkSourcesForItem(DefaultAudioPlayerManager.java:419) ~[lavaplayer-1.3.17.jar!/:na]
	at com.sedmelluq.discord.lavaplayer.player.DefaultAudioPlayerManager.lambda$createItemLoader$0(DefaultAudioPlayerManager.java:218) ~[lavaplayer-1.3.17.jar!/:na]
	at java.util.concurrent.FutureTask.run(Unknown Source) ~[na:1.8.0_231]
	at java.util.concurrent.ThreadPoolExecutor.runWorker(Unknown Source) ~[na:1.8.0_231]
	at java.util.concurrent.ThreadPoolExecutor$Worker.run(Unknown Source) ~[na:1.8.0_231]
	at java.lang.Thread.run(Unknown Source) ~[na:1.8.0_231]

2020-06-29 01:05:50.333  INFO 21980 --- [XNIO-2 task-9] l.server.player.AudioLoaderRestHandler   : GET /loadtracks
2020-06-29 01:05:51.137 ERROR 21980 --- [lava-daemon-pool-info-loader-2-thread-1] c.s.d.l.p.DefaultAudioPlayerManager      : Error in loading item https://www.youtube.com/watch?v=V9AbeALNVkk

com.sedmelluq.discord.lavaplayer.tools.FriendlyException: Loading information for a YouTube track failed.
	at com.sedmelluq.discord.lavaplayer.tools.ExceptionTools.wrapUnfriendlyExceptions(ExceptionTools.java:43) ~[lavaplayer-1.3.17.jar!/:na]
	at com.sedmelluq.discord.lavaplayer.source.youtube.YoutubeAudioSourceManager.loadTrackWithVideoId(YoutubeAudioSourceManager.java:217) ~[lavaplayer-1.3.17.jar!/:na]
	at com.sedmelluq.discord.lavaplayer.source.youtube.YoutubeAudioSourceManager.loadFromUrlWithVideoId(YoutubeAudioSourceManager.java:307) ~[lavaplayer-1.3.17.jar!/:na]
	at com.sedmelluq.discord.lavaplayer.source.youtube.YoutubeAudioSourceManager.loadFromMainDomain(YoutubeAudioSourceManager.java:244) ~[lavaplayer-1.3.17.jar!/:na]
	at com.sedmelluq.discord.lavaplayer.source.youtube.YoutubeAudioSourceManager.loadNonSearch(YoutubeAudioSourceManager.java:314) ~[lavaplayer-1.3.17.jar!/:na]
	at com.sedmelluq.discord.lavaplayer.source.youtube.YoutubeAudioSourceManager.loadItemOnce(YoutubeAudioSourceManager.java:189) ~[lavaplayer-1.3.17.jar!/:na]
	at com.sedmelluq.discord.lavaplayer.source.youtube.YoutubeAudioSourceManager.loadItem(YoutubeAudioSourceManager.java:128) ~[lavaplayer-1.3.17.jar!/:na]
	at com.sedmelluq.discord.lavaplayer.player.DefaultAudioPlayerManager.checkSourcesForItemOnce(DefaultAudioPlayerManager.java:437) ~[lavaplayer-1.3.17.jar!/:na]
	at com.sedmelluq.discord.lavaplayer.player.DefaultAudioPlayerManager.checkSourcesForItem(DefaultAudioPlayerManager.java:419) ~[lavaplayer-1.3.17.jar!/:na]
	at com.sedmelluq.discord.lavaplayer.player.DefaultAudioPlayerManager.lambda$createItemLoader$0(DefaultAudioPlayerManager.java:218) ~[lavaplayer-1.3.17.jar!/:na]
	at java.util.concurrent.FutureTask.run(Unknown Source) ~[na:1.8.0_231]
	at java.util.concurrent.ThreadPoolExecutor.runWorker(Unknown Source) ~[na:1.8.0_231]
	at java.util.concurrent.ThreadPoolExecutor$Worker.run(Unknown Source) ~[na:1.8.0_231]
	at java.lang.Thread.run(Unknown Source) ~[na:1.8.0_231]
Caused by: java.lang.NullPointerException: null
	at com.sedmelluq.discord.lavaplayer.source.youtube.YoutubeAudioSourceManager.loadTrackWithVideoId(YoutubeAudioSourceManager.java:213) ~[lavaplayer-1.3.17.jar!/:na]
	... 12 common frames omitted

2020-06-29 01:05:51.138 ERROR 21980 --- [lava-daemon-pool-info-loader-2-thread-1] lavalink.server.player.AudioLoader       : Load failed

com.sedmelluq.discord.lavaplayer.tools.FriendlyException: Loading information for a YouTube track failed.
	at com.sedmelluq.discord.lavaplayer.tools.ExceptionTools.wrapUnfriendlyExceptions(ExceptionTools.java:43) ~[lavaplayer-1.3.17.jar!/:na]
	at com.sedmelluq.discord.lavaplayer.source.youtube.YoutubeAudioSourceManager.loadTrackWithVideoId(YoutubeAudioSourceManager.java:217) ~[lavaplayer-1.3.17.jar!/:na]
	at com.sedmelluq.discord.lavaplayer.source.youtube.YoutubeAudioSourceManager.loadFromUrlWithVideoId(YoutubeAudioSourceManager.java:307) ~[lavaplayer-1.3.17.jar!/:na]
	at com.sedmelluq.discord.lavaplayer.source.youtube.YoutubeAudioSourceManager.loadFromMainDomain(YoutubeAudioSourceManager.java:244) ~[lavaplayer-1.3.17.jar!/:na]
	at com.sedmelluq.discord.lavaplayer.source.youtube.YoutubeAudioSourceManager.loadNonSearch(YoutubeAudioSourceManager.java:314) ~[lavaplayer-1.3.17.jar!/:na]
	at com.sedmelluq.discord.lavaplayer.source.youtube.YoutubeAudioSourceManager.loadItemOnce(YoutubeAudioSourceManager.java:189) ~[lavaplayer-1.3.17.jar!/:na]
	at com.sedmelluq.discord.lavaplayer.source.youtube.YoutubeAudioSourceManager.loadItem(YoutubeAudioSourceManager.java:128) ~[lavaplayer-1.3.17.jar!/:na]
	at com.sedmelluq.discord.lavaplayer.player.DefaultAudioPlayerManager.checkSourcesForItemOnce(DefaultAudioPlayerManager.java:437) ~[lavaplayer-1.3.17.jar!/:na]
	at com.sedmelluq.discord.lavaplayer.player.DefaultAudioPlayerManager.checkSourcesForItem(DefaultAudioPlayerManager.java:419) ~[lavaplayer-1.3.17.jar!/:na]
	at com.sedmelluq.discord.lavaplayer.player.DefaultAudioPlayerManager.lambda$createItemLoader$0(DefaultAudioPlayerManager.java:218) ~[lavaplayer-1.3.17.jar!/:na]
	at java.util.concurrent.FutureTask.run(Unknown Source) ~[na:1.8.0_231]
	at java.util.concurrent.ThreadPoolExecutor.runWorker(Unknown Source) ~[na:1.8.0_231]
	at java.util.concurrent.ThreadPoolExecutor$Worker.run(Unknown Source) ~[na:1.8.0_231]
	at java.lang.Thread.run(Unknown Source) ~[na:1.8.0_231]
Caused by: java.lang.NullPointerException: null
	at com.sedmelluq.discord.lavaplayer.source.youtube.YoutubeAudioSourceManager.loadTrackWithVideoId(YoutubeAudioSourceManager.java:213) ~[lavaplayer-1.3.17.jar!/:na]
	... 12 common frames omitted

2020-06-29 01:07:04.333  INFO 21980 --- [XNIO-2 task-11] l.server.player.AudioLoaderRestHandler   : GET /loadtracks
2020-06-29 01:07:04.811  INFO 21980 --- [lava-daemon-pool-info-loader-2-thread-1] c.s.l.c.natives.NativeLibraryLoader      : Native library libmpg123-0: loading with filter com.sedmelluq.discord.lavaplayer.natives.ConnectorNativeLibLoader$$Lambda$488/372975713@1ebb6ba7
2020-06-29 01:07:04.822  INFO 21980 --- [lava-daemon-pool-info-loader-2-thread-1] c.s.l.c.natives.NativeLibraryLoader      : Native library libmpg123-0: successfully loaded.
2020-06-29 01:07:04.822  INFO 21980 --- [lava-daemon-pool-info-loader-2-thread-1] c.s.l.c.natives.NativeLibraryLoader      : Native library connector: loading with filter null
2020-06-29 01:07:04.852  INFO 21980 --- [lava-daemon-pool-info-loader-2-thread-1] c.s.l.c.natives.NativeLibraryLoader      : Native library connector: successfully loaded.
2020-06-29 01:07:04.858  INFO 21980 --- [lava-daemon-pool-info-loader-2-thread-1] lavalink.server.player.AudioLoader       : Loaded track Unknown title
2020-06-29 01:07:04.881  INFO 21980 --- [XNIO-2 I/O-9] lavalink.server.io.SocketServer          : {"op":"play","guildId":"721487141690933288","track":"QAAAtwIADVVua25vd24gdGl0bGUAClNvdW5kSGVsaXgAAAAAAAWv6wA9aHR0cHM6Ly93d3cuc291bmRoZWxpeC5jb20vZXhhbXBsZXMvbXAzL1NvdW5kSGVsaXgtU29uZy0xLm1wMwABAD1odHRwczovL3d3dy5zb3VuZGhlbGl4LmNvbS9leGFtcGxlcy9tcDMvU291bmRIZWxpeC1Tb25nLTEubXAzAARodHRwAANtcDMAAAAAAAAAAA==","startTime":0,"noReplace":false}
2020-06-29 01:08:14.560  INFO 21980 --- [XNIO-2 I/O-9] lavalink.server.io.SocketServer          : {"op":"volume","guildId":"721487141690933288","volume":50}
2020-06-29 01:09:12.560  INFO 21980 --- [XNIO-2 I/O-9] lavalink.server.io.SocketServer          : {"op":"volume","guildId":"721487141690933288","volume":25}
2020-06-29 01:09:49.215  INFO 21980 --- [XNIO-2 I/O-9] lavalink.server.io.SocketServer          : {"op":"stop","guildId":"721487141690933288"}
2020-06-29 01:09:49.231  INFO 21980 --- [XNIO-2 I/O-9] lavalink.server.io.SocketServer          : Connection closed from /0:0:0:0:0:0:0:1:52065 with status CloseStatus[code=1007, reason=] -- Session can be resumed within the next 60 seconds with key 93d6d7bbdae841ae8ed142423b111152
2020-06-29 01:09:49.237  INFO 21980 --- [XNIO-2 task-13] l.server.io.HandshakeInterceptorImpl     : Incoming connection from /0:0:0:0:0:0:0:1:52151
2020-06-29 01:09:49.239  INFO 21980 --- [XNIO-2 task-13] lavalink.server.io.SocketContext         : Replaying 0 events
2020-06-29 01:09:49.239  INFO 21980 --- [XNIO-2 task-13] lavalink.server.io.SocketServer          : Resumed session with key 93d6d7bbdae841ae8ed142423b111152
2020-06-29 01:09:49.241  INFO 21980 --- [XNIO-2 I/O-7] lavalink.server.io.SocketServer          : {"op":"configureResuming","key":"93d6d7bbdae841ae8ed142423b111152","timeout":60}
2020-06-29 01:09:49.260  INFO 21980 --- [parallel-3] s.n.magma.connections.AudioWebSocket     : Websocket to wss://us-east282.discord.media/?v=4 closed with code 4014 and reason Disconnected.
2020-06-29 01:09:49.260  INFO 21980 --- [parallel-3] s.n.magma.connections.AudioWebSocket     : Resuming
2020-06-29 01:09:49.269  INFO 21980 --- [XNIO-2 I/O-7] lavalink.server.io.SocketServer          : {"op":"destroy","guildId":"721487141690933288"}
2020-06-29 01:11:07.796  INFO 21980 --- [XNIO-2 task-14] l.server.player.AudioLoaderRestHandler   : GET /loadtracks
2020-06-29 01:11:07.847  INFO 21980 --- [XNIO-2 I/O-7] lavalink.server.io.SocketServer          : {"op":"voiceUpdate","guildId":"721487141690933288","sessionId":"f49c163f2143723affd918eabfb2904a","event":{"token":"efba3c1af3637364","guild_id":721487141690933288,"endpoint":"us-east282.discord.media:80"}}
2020-06-29 01:11:08.054 ERROR 21980 --- [lava-daemon-pool-info-loader-2-thread-1] lavalink.server.player.AudioLoader       : Load failed

com.sedmelluq.discord.lavaplayer.tools.FriendlyException: Unknown file format.
	at com.sedmelluq.discord.lavaplayer.source.ProbingAudioSourceManager.handleLoadResult(ProbingAudioSourceManager.java:35) ~[lavaplayer-1.3.17.jar!/:na]
	at com.sedmelluq.discord.lavaplayer.source.http.HttpAudioSourceManager.loadItem(HttpAudioSourceManager.java:81) ~[lavaplayer-1.3.17.jar!/:na]
	at com.sedmelluq.discord.lavaplayer.player.DefaultAudioPlayerManager.checkSourcesForItemOnce(DefaultAudioPlayerManager.java:437) ~[lavaplayer-1.3.17.jar!/:na]
	at com.sedmelluq.discord.lavaplayer.player.DefaultAudioPlayerManager.checkSourcesForItem(DefaultAudioPlayerManager.java:419) ~[lavaplayer-1.3.17.jar!/:na]
	at com.sedmelluq.discord.lavaplayer.player.DefaultAudioPlayerManager.lambda$createItemLoader$0(DefaultAudioPlayerManager.java:218) ~[lavaplayer-1.3.17.jar!/:na]
	at java.util.concurrent.FutureTask.run(Unknown Source) ~[na:1.8.0_231]
	at java.util.concurrent.ThreadPoolExecutor.runWorker(Unknown Source) ~[na:1.8.0_231]
	at java.util.concurrent.ThreadPoolExecutor$Worker.run(Unknown Source) ~[na:1.8.0_231]
	at java.lang.Thread.run(Unknown Source) ~[na:1.8.0_231]

2020-06-29 01:11:23.003  INFO 21980 --- [XNIO-2 task-16] l.server.player.AudioLoaderRestHandler   : GET /loadtracks
2020-06-29 01:11:23.242 ERROR 21980 --- [lava-daemon-pool-info-loader-2-thread-1] lavalink.server.player.AudioLoader       : Load failed

com.sedmelluq.discord.lavaplayer.tools.FriendlyException: Unknown file format.
	at com.sedmelluq.discord.lavaplayer.source.ProbingAudioSourceManager.handleLoadResult(ProbingAudioSourceManager.java:35) ~[lavaplayer-1.3.17.jar!/:na]
	at com.sedmelluq.discord.lavaplayer.source.http.HttpAudioSourceManager.loadItem(HttpAudioSourceManager.java:81) ~[lavaplayer-1.3.17.jar!/:na]
	at com.sedmelluq.discord.lavaplayer.player.DefaultAudioPlayerManager.checkSourcesForItemOnce(DefaultAudioPlayerManager.java:437) ~[lavaplayer-1.3.17.jar!/:na]
	at com.sedmelluq.discord.lavaplayer.player.DefaultAudioPlayerManager.checkSourcesForItem(DefaultAudioPlayerManager.java:419) ~[lavaplayer-1.3.17.jar!/:na]
	at com.sedmelluq.discord.lavaplayer.player.DefaultAudioPlayerManager.lambda$createItemLoader$0(DefaultAudioPlayerManager.java:218) ~[lavaplayer-1.3.17.jar!/:na]
	at java.util.concurrent.FutureTask.run(Unknown Source) ~[na:1.8.0_231]
	at java.util.concurrent.ThreadPoolExecutor.runWorker(Unknown Source) ~[na:1.8.0_231]
	at java.util.concurrent.ThreadPoolExecutor$Worker.run(Unknown Source) ~[na:1.8.0_231]
	at java.lang.Thread.run(Unknown Source) ~[na:1.8.0_231]

2020-06-29 01:12:19.744  INFO 21980 --- [XNIO-2 task-18] l.server.player.AudioLoaderRestHandler   : GET /loadtracks
2020-06-29 01:12:19.931  INFO 21980 --- [lava-daemon-pool-info-loader-2-thread-1] lavalink.server.player.AudioLoader       : Loaded track Shades of Gray
2020-06-29 01:12:19.935  INFO 21980 --- [XNIO-2 I/O-7] lavalink.server.io.SocketServer          : {"op":"play","guildId":"721487141690933288","track":"QAAAsQIADlNoYWRlcyBvZiBHcmF5AAtUaGUgTW9ua2VlcwAAAAAAAbIUADlodHRwOi8vd3d3LnNhbWlzaXRlLmNvbS9zb3VuZC9jcm9wU2hhZGVzb2ZHcmF5TW9ua2Vlcy5tcDMAAQA5aHR0cDovL3d3dy5zYW1pc2l0ZS5jb20vc291bmQvY3JvcFNoYWRlc29mR3JheU1vbmtlZXMubXAzAARodHRwAANtcDMAAAAAAAAAAA==","startTime":0,"noReplace":false}
2020-06-29 01:12:24.554  INFO 21980 --- [XNIO-2 I/O-7] lavalink.server.io.SocketServer          : {"op":"volume","guildId":"721487141690933288","volume":5}
2020-06-29 01:14:10.490  INFO 21980 --- [parallel-11] s.n.magma.connections.AudioWebSocket     : Websocket to wss://us-east282.discord.media/?v=4 closed with code 4014 and reason Disconnected.
2020-06-29 01:14:10.491  INFO 21980 --- [parallel-11] s.n.magma.connections.AudioWebSocket     : Resuming
2020-06-29 01:14:10.499  INFO 21980 --- [XNIO-2 I/O-7] lavalink.server.io.SocketServer          : {"op":"destroy","guildId":"721487141690933288"}
2020-06-29 01:16:44.113  INFO 21980 --- [XNIO-2 task-20] l.server.player.AudioLoaderRestHandler   : GET /loadtracks
2020-06-29 01:16:44.163  INFO 21980 --- [XNIO-2 I/O-7] lavalink.server.io.SocketServer          : {"op":"voiceUpdate","guildId":"721487141690933288","sessionId":"f49c163f2143723affd918eabfb2904a","event":{"token":"edde43594f5c6fe3","guild_id":721487141690933288,"endpoint":"us-east282.discord.media:80"}}
2020-06-29 01:16:45.476  INFO 21980 --- [lava-daemon-pool-info-loader-2-thread-1] lavalink.server.player.AudioLoader       : Loaded track Unknown title
2020-06-29 01:16:45.481  INFO 21980 --- [XNIO-2 I/O-7] lavalink.server.io.SocketServer          : {"op":"play","guildId":"721487141690933288","track":"QAAB7QIADVVua25vd24gdGl0bGUADlVua25vd24gYXJ0aXN0AAAAAAACzsUA1mh0dHBzOi8vdWM2ZTM0Y2M4ZTQxYWI3MzE2NDNhNmVhZDEwYi5kbC5kcm9wYm94dXNlcmNvbnRlbnQuY29tL2NkLzAvZ2V0L0E2Z0NGOHlTRmE3ZGprcTIxMFZsVTBpZThxRVBUV00tRGw2QmFyQVBEcFJCUkxCVFZJTHViSldsVmtBam96SVlvT3ltem9QYWJKWlppQVVZclB5MFFJbENmc3BnSHFtd0hHSGNJMkJrdzVRT2N1V3hGU0RaUVlLcGE0bGpjcnNJV3hBL2ZpbGU/ZGw9MSMAAQDWaHR0cHM6Ly91YzZlMzRjYzhlNDFhYjczMTY0M2E2ZWFkMTBiLmRsLmRyb3Bib3h1c2VyY29udGVudC5jb20vY2QvMC9nZXQvQTZnQ0Y4eVNGYTdkamtxMjEwVmxVMGllOHFFUFRXTS1EbDZCYXJBUERwUkJSTEJUVklMdWJKV2xWa0Fqb3pJWW9PeW16b1BhYkpaWmlBVVlyUHkwUUlsQ2ZzcGdIcW13SEdIY0kyQmt3NVFPY3VXeEZTRFpRWUtwYTRsamNyc0lXeEEvZmlsZT9kbD0xIwAEaHR0cAADd2F2AAAAAAAAAAA=","startTime":0,"noReplace":false}
2020-06-29 01:17:04.050  INFO 21980 --- [XNIO-2 I/O-7] lavalink.server.io.SocketServer          : {"op":"volume","guildId":"721487141690933288","volume":10}
2020-06-29 01:17:08.738  INFO 21980 --- [XNIO-2 I/O-7] lavalink.server.io.SocketServer          : {"op":"volume","guildId":"721487141690933288","volume":100}
